[   895.453] 
X.Org X Server 1.21.1.7
X Protocol Version 11, Revision 0
[   895.453] Current Operating System: Linux abalhamm 6.1.0-18-amd64 #1 SMP PREEMPT_DYNAMIC Debian 6.1.76-1 (2024-02-01) x86_64
[   895.453] Kernel command line: BOOT_IMAGE=/boot/vmlinuz-6.1.0-18-amd64 root=UUID=3334229a-3b57-4c8f-b47c-6b1192dff902 ro quiet
[   895.454] xorg-server 2:21.1.7-3+deb12u5 (https://www.debian.org/support) 
[   895.454] Current version of pixman: 0.42.2
[   895.454] 	Before reporting problems, check http://wiki.x.org
	to make sure that you have the latest version.
[   895.454] Markers: (--) probed, (**) from config file, (==) default setting,
	(++) from command line, (!!) notice, (II) informational,
	(WW) warning, (EE) error, (NI) not implemented, (??) unknown.
[   895.455] (==) Log file: "/home/abalhamm/.local/share/xorg/Xorg.0.log", Time: Sat Mar 16 07:58:58 2024
[   895.457] (==) Using system config directory "/usr/share/X11/xorg.conf.d"
[   895.459] (==) No Layout section.  Using the first Screen section.
[   895.459] (==) No screen section available. Using defaults.
[   895.459] (**) |-->Screen "Default Screen Section" (0)
[   895.459] (**) |   |-->Monitor "<default monitor>"
[   895.460] (==) No monitor specified for screen "Default Screen Section".
	Using a default monitor configuration.
[   895.460] (==) Automatically adding devices
[   895.460] (==) Automatically enabling devices
[   895.460] (==) Automatically adding GPU devices
[   895.460] (==) Automatically binding GPU devices
[   895.460] (==) Max clients allowed: 256, resource mask: 0x1fffff
[   895.461] (WW) The directory "/usr/share/fonts/X11/cyrillic" does not exist.
[   895.461] 	Entry deleted from font path.
[   895.461] (WW) The directory "/usr/share/fonts/X11/100dpi/" does not exist.
[   895.461] 	Entry deleted from font path.
[   895.461] (WW) The directory "/usr/share/fonts/X11/75dpi/" does not exist.
[   895.461] 	Entry deleted from font path.
[   895.461] (WW) The directory "/usr/share/fonts/X11/100dpi" does not exist.
[   895.461] 	Entry deleted from font path.
[   895.461] (WW) The directory "/usr/share/fonts/X11/75dpi" does not exist.
[   895.462] 	Entry deleted from font path.
[   895.462] (==) FontPath set to:
	/usr/share/fonts/X11/misc,
	/usr/share/fonts/X11/Type1,
	built-ins
[   895.462] (==) ModulePath set to "/usr/lib/xorg/modules"
[   895.462] (II) The server relies on udev to provide the list of input devices.
	If no devices become available, reconfigure udev or disable AutoAddDevices.
[   895.462] (II) Loader magic: 0x565159e48f00
[   895.462] (II) Module ABI versions:
[   895.462] 	X.Org ANSI C Emulation: 0.4
[   895.462] 	X.Org Video Driver: 25.2
[   895.462] 	X.Org XInput driver : 24.4
[   895.462] 	X.Org Server Extension : 10.0
[   895.463] (++) using VT number 1

[   895.464] (II) systemd-logind: took control of session /org/freedesktop/login1/session/_31
[   895.465] (II) xfree86: Adding drm device (/dev/dri/card0)
[   895.465] (II) Platform probe for /sys/devices/pci0000:00/0000:00:02.0/drm/card0
[   895.465] (II) systemd-logind: got fd for /dev/dri/card0 226:0 fd 13 paused 0
[   895.467] (--) PCI:*(0@0:2:0) 15ad:0405:15ad:0405 rev 0, Mem @ 0xe0000000/16777216, 0xf0000000/2097152, I/O @ 0x0000d010/16, BIOS @ 0x????????/131072
[   895.468] (II) LoadModule: "glx"
[   895.470] (II) Loading /usr/lib/xorg/modules/extensions/libglx.so
[   895.474] (II) Module glx: vendor="X.Org Foundation"
[   895.474] 	compiled for 1.21.1.7, module version = 1.0.0
[   895.474] 	ABI class: X.Org Server Extension, version 10.0
[   895.474] (==) Matched vmware as autoconfigured driver 0
[   895.474] (==) Matched modesetting as autoconfigured driver 1
[   895.474] (==) Matched fbdev as autoconfigured driver 2
[   895.475] (==) Matched vesa as autoconfigured driver 3
[   895.475] (==) Assigned the driver to the xf86ConfigLayout
[   895.475] (II) LoadModule: "vmware"
[   895.475] (II) Loading /usr/lib/xorg/modules/drivers/vmware_drv.so
[   895.561] (II) Module vmware: vendor="X.Org Foundation"
[   895.561] 	compiled for 1.21.1.7, module version = 13.3.0
[   895.561] 	Module class: X.Org Video Driver
[   895.561] 	ABI class: X.Org Video Driver, version 25.2
[   895.561] (II) LoadModule: "modesetting"
[   895.562] (II) Loading /usr/lib/xorg/modules/drivers/modesetting_drv.so
[   895.563] (II) Module modesetting: vendor="X.Org Foundation"
[   895.563] 	compiled for 1.21.1.7, module version = 1.21.1
[   895.563] 	Module class: X.Org Video Driver
[   895.563] 	ABI class: X.Org Video Driver, version 25.2
[   895.563] (II) LoadModule: "fbdev"
[   895.563] (II) Loading /usr/lib/xorg/modules/drivers/fbdev_drv.so
[   895.564] (II) Module fbdev: vendor="X.Org Foundation"
[   895.564] 	compiled for 1.21.1.3, module version = 0.5.0
[   895.564] 	Module class: X.Org Video Driver
[   895.564] 	ABI class: X.Org Video Driver, version 25.2
[   895.564] (II) LoadModule: "vesa"
[   895.565] (II) Loading /usr/lib/xorg/modules/drivers/vesa_drv.so
[   895.565] (II) Module vesa: vendor="X.Org Foundation"
[   895.565] 	compiled for 1.21.1.3, module version = 2.5.0
[   895.565] 	Module class: X.Org Video Driver
[   895.565] 	ABI class: X.Org Video Driver, version 25.2
[   895.565] (II) vmware: driver for VMware SVGA: vmware0405, vmware0710
[   895.566] (II) modesetting: Driver for Modesetting Kernel Drivers: kms
[   895.566] (II) FBDEV: driver for framebuffer: fbdev
[   895.566] (II) VESA: driver for VESA chipsets: vesa
[   895.566] xf86EnableIO: failed to enable I/O ports 0000-03ff (Operation not permitted)
[   895.567] (WW) Falling back to old probe method for modesetting
[   895.567] (WW) Falling back to old probe method for fbdev
[   895.567] (II) Loading sub module "fbdevhw"
[   895.567] (II) LoadModule: "fbdevhw"
[   895.567] (II) Loading /usr/lib/xorg/modules/libfbdevhw.so
[   895.568] (II) Module fbdevhw: vendor="X.Org Foundation"
[   895.568] 	compiled for 1.21.1.7, module version = 0.0.2
[   895.568] 	ABI class: X.Org Video Driver, version 25.2
[   895.568] (WW) VGA arbiter: cannot open kernel arbiter, no multi-card support
[   895.568] (II) vmware(0): Creating default Display subsection in Screen section
	"Default Screen Section" for depth/fbbpp 24/32
[   895.568] (--) vmware(0): DRM driver version is 2.20.0
[   895.568] (==) vmware(0): Depth 24, (--) framebuffer bpp 32
[   895.568] (==) vmware(0): RGB weight 888
[   895.568] (==) vmware(0): Default visual is TrueColor
[   895.568] (--) vmware(0): Min width 1, Max Width 8192.
[   895.568] (--) vmware(0): Min height 1, Max Height 8192.
[   895.568] (II) vmware(0): Output Virtual1 has no monitor section
[   895.568] (II) vmware(0): Output Virtual2 has no monitor section
[   895.568] (II) vmware(0): Output Virtual3 has no monitor section
[   895.568] (II) vmware(0): Output Virtual4 has no monitor section
[   895.569] (II) vmware(0): Output Virtual5 has no monitor section
[   895.569] (II) vmware(0): Output Virtual6 has no monitor section
[   895.569] (II) vmware(0): Output Virtual7 has no monitor section
[   895.569] (II) vmware(0): Output Virtual8 has no monitor section
[   895.569] (II) vmware(0): Printing probed modes for output Virtual1
[   895.569] (II) vmware(0): Modeline "800x600"x60.0   42.75  800 850 900 950  600 650 700 750 -hsync +vsync (45.0 kHz eP)
[   895.569] (II) vmware(0): Modeline "2560x1600"x60.0  348.50  2560 2752 3032 3504  1600 1603 1609 1658 -hsync +vsync (99.5 kHz e)
[   895.569] (II) vmware(0): Modeline "2560x1440"x60.0  241.50  2560 2608 2640 2720  1440 1443 1448 1481 +hsync -vsync (88.8 kHz e)
[   895.569] (II) vmware(0): Modeline "1920x1440"x60.0  234.00  1920 2048 2256 2600  1440 1441 1444 1500 -hsync +vsync (90.0 kHz e)
[   895.569] (II) vmware(0): Modeline "1856x1392"x60.0  218.25  1856 1952 2176 2528  1392 1393 1396 1439 -hsync +vsync (86.3 kHz e)
[   895.569] (II) vmware(0): Modeline "1792x1344"x60.0  204.75  1792 1920 2120 2448  1344 1345 1348 1394 -hsync +vsync (83.6 kHz e)
[   895.569] (II) vmware(0): Modeline "1920x1200"x59.9  193.25  1920 2056 2256 2592  1200 1203 1209 1245 -hsync +vsync (74.6 kHz e)
[   895.569] (II) vmware(0): Modeline "1920x1080"x60.0  173.00  1920 2048 2248 2576  1080 1083 1088 1120 -hsync +vsync (67.2 kHz e)
[   895.569] (II) vmware(0): Modeline "1600x1200"x60.0  162.00  1600 1664 1856 2160  1200 1201 1204 1250 +hsync +vsync (75.0 kHz e)
[   895.569] (II) vmware(0): Modeline "1680x1050"x60.0  146.25  1680 1784 1960 2240  1050 1053 1059 1089 -hsync +vsync (65.3 kHz e)
[   895.569] (II) vmware(0): Modeline "1400x1050"x60.0  121.75  1400 1488 1632 1864  1050 1053 1057 1089 -hsync +vsync (65.3 kHz e)
[   895.569] (II) vmware(0): Modeline "1280x1024"x60.0  108.00  1280 1328 1440 1688  1024 1025 1028 1066 +hsync +vsync (64.0 kHz e)
[   895.569] (II) vmware(0): Modeline "1440x900"x59.9  106.50  1440 1520 1672 1904  900 903 909 934 -hsync +vsync (55.9 kHz e)
[   895.569] (II) vmware(0): Modeline "1280x960"x60.0  108.00  1280 1376 1488 1800  960 961 964 1000 +hsync +vsync (60.0 kHz e)
[   895.569] (II) vmware(0): Modeline "1360x768"x60.0   85.50  1360 1424 1536 1792  768 771 777 795 +hsync +vsync (47.7 kHz e)
[   895.569] (II) vmware(0): Modeline "1280x800"x59.8   83.50  1280 1352 1480 1680  800 803 809 831 +hsync -vsync (49.7 kHz e)
[   895.569] (II) vmware(0): Modeline "1152x864"x75.0  108.00  1152 1216 1344 1600  864 865 868 900 +hsync +vsync (67.5 kHz e)
[   895.569] (II) vmware(0): Modeline "1280x768"x59.9   79.50  1280 1344 1472 1664  768 771 778 798 -hsync +vsync (47.8 kHz e)
[   895.569] (II) vmware(0): Modeline "1280x720"x59.9   74.50  1280 1344 1472 1664  720 723 728 748 -hsync +vsync (44.8 kHz e)
[   895.569] (II) vmware(0): Modeline "1024x768"x60.0   65.00  1024 1048 1184 1344  768 771 777 806 -hsync -vsync (48.4 kHz e)
[   895.569] (II) vmware(0): Modeline "800x600"x60.3   40.00  800 840 968 1056  600 601 605 628 +hsync +vsync (37.9 kHz e)
[   895.569] (II) vmware(0): Modeline "640x480"x59.9   25.18  640 656 752 800  480 489 492 525 -hsync -vsync (31.5 kHz e)
[   895.569] (II) vmware(0): EDID for output Virtual2
[   895.569] (II) vmware(0): EDID for output Virtual3
[   895.569] (II) vmware(0): EDID for output Virtual4
[   895.569] (II) vmware(0): EDID for output Virtual5
[   895.569] (II) vmware(0): EDID for output Virtual6
[   895.569] (II) vmware(0): EDID for output Virtual7
[   895.569] (II) vmware(0): EDID for output Virtual8
[   895.569] (II) vmware(0): Output Virtual1 connected
[   895.569] (II) vmware(0): Output Virtual2 disconnected
[   895.569] (II) vmware(0): Output Virtual3 disconnected
[   895.569] (II) vmware(0): Output Virtual4 disconnected
[   895.569] (II) vmware(0): Output Virtual5 disconnected
[   895.569] (II) vmware(0): Output Virtual6 disconnected
[   895.569] (II) vmware(0): Output Virtual7 disconnected
[   895.569] (II) vmware(0): Output Virtual8 disconnected
[   895.569] (II) vmware(0): Using exact sizes for initial modes
[   895.569] (II) vmware(0): Output Virtual1 using initial mode 800x600 +0+0
[   895.569] (==) vmware(0): DPI set to (96, 96)
[   895.569] (==) vmware(0): Using gamma correction (1.0, 1.0, 1.0)
[   895.569] (II) Loading sub module "fb"
[   895.569] (II) LoadModule: "fb"
[   895.569] (II) Module "fb" already built-in
[   895.569] (II) Loading sub module "dri2"
[   895.569] (II) LoadModule: "dri2"
[   895.569] (II) Module "dri2" already built-in
[   895.569] (II) Loading sub module "dri3"
[   895.569] (II) LoadModule: "dri3"
[   895.569] (II) Module "dri3" already built-in
[   895.569] (II) UnloadModule: "modesetting"
[   895.569] (II) Unloading modesetting
[   895.569] (II) UnloadModule: "fbdev"
[   895.569] (II) Unloading fbdev
[   895.569] (II) UnloadSubModule: "fbdevhw"
[   895.569] (II) Unloading fbdevhw
[   895.569] (II) UnloadModule: "vesa"
[   895.569] (II) Unloading vesa
[   895.569] (II) vmware(0): Initialized VMWARE_CTRL extension version 0.2
[   895.571] (WW) vmware(0): Failed to initialize Gallium3D Xa. No render acceleration available.
[   895.571] (WW) vmware(0): Skipped initialization of direct rendering due to lack of render acceleration.
[   895.572] (--) vmware(0): Render acceleration is disabled.
[   895.572] (==) vmware(0): Rendercheck mode is disabled.
[   895.572] (--) vmware(0): Direct rendering (DRI2 3D) is disabled.
[   895.572] (--) vmware(0): Direct rendering (DRI3 3D) is disabled.
[   895.572] (==) vmware(0): Backing store enabled
[   895.572] (==) vmware(0): Silken mouse enabled
[   895.572] (==) vmware(0): DPMS enabled
[   895.572] (II) vmware(0): No 3D acceleration. Not setting up textured video.
[   895.572] (WW) vmware(0): Disabling Xv because no adaptors could be initialized.
[   895.573] (II) Initializing extension Generic Event Extension
[   895.573] (II) Initializing extension SHAPE
[   895.573] (II) Initializing extension MIT-SHM
[   895.573] (II) Initializing extension XInputExtension
[   895.573] (II) Initializing extension XTEST
[   895.573] (II) Initializing extension BIG-REQUESTS
[   895.573] (II) Initializing extension SYNC
[   895.573] (II) Initializing extension XKEYBOARD
[   895.574] (II) Initializing extension XC-MISC
[   895.574] (II) Initializing extension SECURITY
[   895.574] (II) Initializing extension XFIXES
[   895.574] (II) Initializing extension RENDER
[   895.574] (II) Initializing extension RANDR
[   895.574] (II) Initializing extension COMPOSITE
[   895.574] (II) Initializing extension DAMAGE
[   895.575] (II) Initializing extension MIT-SCREEN-SAVER
[   895.575] (II) Initializing extension DOUBLE-BUFFER
[   895.575] (II) Initializing extension RECORD
[   895.575] (II) Initializing extension DPMS
[   895.575] (II) Initializing extension Present
[   895.575] (II) Initializing extension DRI3
[   895.575] (II) Initializing extension X-Resource
[   895.575] (II) Initializing extension XVideo
[   895.576] (II) Initializing extension XVideo-MotionCompensation
[   895.576] (II) Initializing extension SELinux
[   895.576] (II) SELinux: Disabled on system
[   895.576] (II) Initializing extension GLX
[   895.576] (II) AIGLX: Screen 0 is not DRI2 capable
[   895.586] (II) IGLX: Loaded and initialized swrast
[   895.586] (II) GLX: Initialized DRISWRAST GL provider for screen 0
[   895.586] (II) Initializing extension XFree86-VidModeExtension
[   895.586] (II) Initializing extension XFree86-DGA
[   895.587] (II) Initializing extension XFree86-DRI
[   895.587] (II) Initializing extension DRI2
[   895.602] (II) vmware(0): Setting screen physical size to 211 x 158
[   895.643] (II) config/udev: Adding input device Power Button (/dev/input/event4)
[   895.643] (**) Power Button: Applying InputClass "libinput keyboard catchall"
[   895.643] (II) LoadModule: "libinput"
[   895.643] (II) Loading /usr/lib/xorg/modules/input/libinput_drv.so
[   895.649] (II) Module libinput: vendor="X.Org Foundation"
[   895.649] 	compiled for 1.21.1.3, module version = 1.2.1
[   895.649] 	Module class: X.Org XInput Driver
[   895.649] 	ABI class: X.Org XInput driver, version 24.4
[   895.649] (II) Using input driver 'libinput' for 'Power Button'
[   895.650] (II) systemd-logind: got fd for /dev/input/event4 13:68 fd 21 paused 0
[   895.650] (**) Power Button: always reports core events
[   895.650] (**) Option "Device" "/dev/input/event4"
[   895.664] (II) event4  - Power Button: is tagged by udev as: Keyboard
[   895.664] (II) event4  - Power Button: device is a keyboard
[   895.664] (II) event4  - Power Button: device removed
[   895.665] (**) Option "config_info" "udev:/sys/devices/LNXSYSTM:00/LNXPWRBN:00/input/input5/event4"
[   895.665] (II) XINPUT: Adding extended input device "Power Button" (type: KEYBOARD, id 6)
[   895.665] (II) event4  - Power Button: is tagged by udev as: Keyboard
[   895.665] (II) event4  - Power Button: device is a keyboard
[   895.666] (II) config/udev: Adding input device Sleep Button (/dev/input/event5)
[   895.666] (**) Sleep Button: Applying InputClass "libinput keyboard catchall"
[   895.666] (II) Using input driver 'libinput' for 'Sleep Button'
[   895.667] (II) systemd-logind: got fd for /dev/input/event5 13:69 fd 24 paused 0
[   895.667] (**) Sleep Button: always reports core events
[   895.667] (**) Option "Device" "/dev/input/event5"
[   895.667] (II) event5  - Sleep Button: is tagged by udev as: Keyboard
[   895.668] (II) event5  - Sleep Button: device is a keyboard
[   895.668] (II) event5  - Sleep Button: device removed
[   895.668] (**) Option "config_info" "udev:/sys/devices/LNXSYSTM:00/LNXSLPBN:00/input/input6/event5"
[   895.668] (II) XINPUT: Adding extended input device "Sleep Button" (type: KEYBOARD, id 7)
[   895.668] (II) event5  - Sleep Button: is tagged by udev as: Keyboard
[   895.669] (II) event5  - Sleep Button: device is a keyboard
[   895.669] (II) config/udev: Adding input device Video Bus (/dev/input/event1)
[   895.669] (**) Video Bus: Applying InputClass "libinput keyboard catchall"
[   895.669] (II) Using input driver 'libinput' for 'Video Bus'
[   895.670] (II) systemd-logind: got fd for /dev/input/event1 13:65 fd 25 paused 0
[   895.670] (**) Video Bus: always reports core events
[   895.670] (**) Option "Device" "/dev/input/event1"
[   895.670] (II) event1  - Video Bus: is tagged by udev as: Keyboard
[   895.670] (II) event1  - Video Bus: device is a keyboard
[   895.671] (II) event1  - Video Bus: device removed
[   895.671] (**) Option "config_info" "udev:/sys/devices/LNXSYSTM:00/LNXSYBUS:00/PNP0A03:00/LNXVIDEO:00/input/input2/event1"
[   895.671] (II) XINPUT: Adding extended input device "Video Bus" (type: KEYBOARD, id 8)
[   895.671] (II) event1  - Video Bus: is tagged by udev as: Keyboard
[   895.672] (II) event1  - Video Bus: device is a keyboard
[   895.672] (II) config/udev: Adding input device VirtualBox mouse integration (/dev/input/event7)
[   895.672] (**) VirtualBox mouse integration: Applying InputClass "libinput pointer catchall"
[   895.672] (II) Using input driver 'libinput' for 'VirtualBox mouse integration'
[   895.673] (II) systemd-logind: got fd for /dev/input/event7 13:71 fd 26 paused 0
[   895.673] (**) VirtualBox mouse integration: always reports core events
[   895.673] (**) Option "Device" "/dev/input/event7"
[   895.674] (II) event7  - VirtualBox mouse integration: is tagged by udev as: Mouse
[   895.674] (II) event7  - VirtualBox mouse integration: device is a pointer
[   895.674] (II) event7  - VirtualBox mouse integration: device removed
[   895.674] (**) Option "config_info" "udev:/sys/devices/pci0000:00/0000:00:04.0/input/input8/event7"
[   895.674] (II) XINPUT: Adding extended input device "VirtualBox mouse integration" (type: MOUSE, id 9)
[   895.674] (**) Option "AccelerationScheme" "none"
[   895.675] (**) VirtualBox mouse integration: (accel) selected scheme none/0
[   895.675] (**) VirtualBox mouse integration: (accel) acceleration factor: 2.000
[   895.675] (**) VirtualBox mouse integration: (accel) acceleration threshold: 4
[   895.675] (II) event7  - VirtualBox mouse integration: is tagged by udev as: Mouse
[   895.675] (II) event7  - VirtualBox mouse integration: device is a pointer
[   895.676] (II) config/udev: Adding input device VirtualBox mouse integration (/dev/input/js1)
[   895.676] (II) No input driver specified, ignoring this device.
[   895.676] (II) This device may have been added with another device file.
[   895.676] (II) config/udev: Adding input device VirtualBox mouse integration (/dev/input/mouse2)
[   895.676] (II) No input driver specified, ignoring this device.
[   895.676] (II) This device may have been added with another device file.
[   895.677] (II) config/udev: Adding input device VirtualBox USB Tablet (/dev/input/event3)
[   895.677] (**) VirtualBox USB Tablet: Applying InputClass "libinput pointer catchall"
[   895.677] (II) Using input driver 'libinput' for 'VirtualBox USB Tablet'
[   895.737] (II) systemd-logind: got fd for /dev/input/event3 13:67 fd 27 paused 0
[   895.737] (**) VirtualBox USB Tablet: always reports core events
[   895.737] (**) Option "Device" "/dev/input/event3"
[   895.739] (II) event3  - VirtualBox USB Tablet: is tagged by udev as: Mouse
[   895.739] (II) event3  - VirtualBox USB Tablet: device is a pointer
[   895.739] (II) event3  - VirtualBox USB Tablet: device removed
[   895.740] (**) Option "config_info" "udev:/sys/devices/pci0000:00/0000:00:06.0/usb2/2-1/2-1:1.0/0003:80EE:0021.0001/input/input4/event3"
[   895.740] (II) XINPUT: Adding extended input device "VirtualBox USB Tablet" (type: MOUSE, id 10)
[   895.740] (**) Option "AccelerationScheme" "none"
[   895.740] (**) VirtualBox USB Tablet: (accel) selected scheme none/0
[   895.740] (**) VirtualBox USB Tablet: (accel) acceleration factor: 2.000
[   895.740] (**) VirtualBox USB Tablet: (accel) acceleration threshold: 4
[   895.741] (II) event3  - VirtualBox USB Tablet: is tagged by udev as: Mouse
[   895.741] (II) event3  - VirtualBox USB Tablet: device is a pointer
[   895.742] (II) config/udev: Adding input device VirtualBox USB Tablet (/dev/input/js0)
[   895.742] (II) No input driver specified, ignoring this device.
[   895.742] (II) This device may have been added with another device file.
[   895.744] (II) config/udev: Adding input device VirtualBox USB Tablet (/dev/input/mouse1)
[   895.744] (II) No input driver specified, ignoring this device.
[   895.744] (II) This device may have been added with another device file.
[   895.744] (II) config/udev: Adding input device AT Translated Set 2 keyboard (/dev/input/event0)
[   895.744] (**) AT Translated Set 2 keyboard: Applying InputClass "libinput keyboard catchall"
[   895.744] (II) Using input driver 'libinput' for 'AT Translated Set 2 keyboard'
[   895.745] (II) systemd-logind: got fd for /dev/input/event0 13:64 fd 28 paused 0
[   895.745] (**) AT Translated Set 2 keyboard: always reports core events
[   895.745] (**) Option "Device" "/dev/input/event0"
[   895.746] (II) event0  - AT Translated Set 2 keyboard: is tagged by udev as: Keyboard
[   895.746] (II) event0  - AT Translated Set 2 keyboard: device is a keyboard
[   895.746] (II) event0  - AT Translated Set 2 keyboard: device removed
[   895.746] (**) Option "config_info" "udev:/sys/devices/platform/i8042/serio0/input/input0/event0"
[   895.747] (II) XINPUT: Adding extended input device "AT Translated Set 2 keyboard" (type: KEYBOARD, id 11)
[   895.747] (II) event0  - AT Translated Set 2 keyboard: is tagged by udev as: Keyboard
[   895.747] (II) event0  - AT Translated Set 2 keyboard: device is a keyboard
[   895.748] (II) config/udev: Adding input device ImExPS/2 Generic Explorer Mouse (/dev/input/event2)
[   895.748] (**) ImExPS/2 Generic Explorer Mouse: Applying InputClass "libinput pointer catchall"
[   895.748] (II) Using input driver 'libinput' for 'ImExPS/2 Generic Explorer Mouse'
[   895.749] (II) systemd-logind: got fd for /dev/input/event2 13:66 fd 29 paused 0
[   895.749] (**) ImExPS/2 Generic Explorer Mouse: always reports core events
[   895.749] (**) Option "Device" "/dev/input/event2"
[   895.749] (II) event2  - ImExPS/2 Generic Explorer Mouse: is tagged by udev as: Mouse
[   895.749] (II) event2  - ImExPS/2 Generic Explorer Mouse: device is a pointer
[   895.750] (II) event2  - ImExPS/2 Generic Explorer Mouse: device removed
[   895.750] (**) Option "config_info" "udev:/sys/devices/platform/i8042/serio1/input/input3/event2"
[   895.750] (II) XINPUT: Adding extended input device "ImExPS/2 Generic Explorer Mouse" (type: MOUSE, id 12)
[   895.750] (**) Option "AccelerationScheme" "none"
[   895.750] (**) ImExPS/2 Generic Explorer Mouse: (accel) selected scheme none/0
[   895.750] (**) ImExPS/2 Generic Explorer Mouse: (accel) acceleration factor: 2.000
[   895.750] (**) ImExPS/2 Generic Explorer Mouse: (accel) acceleration threshold: 4
[   895.751] (II) event2  - ImExPS/2 Generic Explorer Mouse: is tagged by udev as: Mouse
[   895.751] (II) event2  - ImExPS/2 Generic Explorer Mouse: device is a pointer
[   895.752] (II) config/udev: Adding input device ImExPS/2 Generic Explorer Mouse (/dev/input/mouse0)
[   895.752] (II) No input driver specified, ignoring this device.
[   895.752] (II) This device may have been added with another device file.
[   895.752] (II) config/udev: Adding input device PC Speaker (/dev/input/event6)
[   895.752] (II) No input driver specified, ignoring this device.
[   895.752] (II) This device may have been added with another device file.
[   982.638] (II) event3  - VirtualBox USB Tablet: device removed
[   987.772] (II) config/udev: removing device VirtualBox USB Tablet
[   987.772] (**) Option "fd" "27"
[   987.773] (II) UnloadModule: "libinput"
[   987.773] (II) systemd-logind: releasing fd for 13:67
[  2239.527] (**) Option "fd" "21"
[  2239.527] (II) event4  - Power Button: device removed
[  2239.528] (**) Option "fd" "24"
[  2239.528] (II) event5  - Sleep Button: device removed
[  2239.528] (**) Option "fd" "25"
[  2239.528] (II) event1  - Video Bus: device removed
[  2239.528] (**) Option "fd" "26"
[  2239.528] (II) event7  - VirtualBox mouse integration: device removed
[  2239.528] (**) Option "fd" "28"
[  2239.528] (II) event0  - AT Translated Set 2 keyboard: device removed
[  2239.529] (**) Option "fd" "29"
[  2239.529] (II) event2  - ImExPS/2 Generic Explorer Mouse: device removed
[  2239.532] (II) UnloadModule: "libinput"
[  2239.532] (II) systemd-logind: releasing fd for 13:66
[  2239.556] (II) UnloadModule: "libinput"
[  2239.556] (II) systemd-logind: releasing fd for 13:64
[  2239.568] (II) UnloadModule: "libinput"
[  2239.568] (II) systemd-logind: releasing fd for 13:71
[  2239.592] (II) UnloadModule: "libinput"
[  2239.592] (II) systemd-logind: releasing fd for 13:65
[  2239.616] (II) UnloadModule: "libinput"
[  2239.616] (II) systemd-logind: releasing fd for 13:69
[  2239.628] (II) UnloadModule: "libinput"
[  2239.628] (II) systemd-logind: releasing fd for 13:68
[  2239.645] (II) Server terminated successfully (0). Closing log file.
